1753851051958:hola
1753851054369:que tal
1753851114933:avl algo
1753851118102:exit
1753851473927:quit
1753851496597:asd
1753851512953:help
1753851607899:shutdown
1753851610456:exit
1753851716424:help
1753851728423:shutdown
1753851741298:help
1753851791860:shutdown
1753851821064:clear
1753851823399:history
1753851903864:exit
1753852008964:ls
1753852010625:help
1753852021735:version
1753852031713:stacktrace
1753852033666:clear
1753852037738:help
1753852065908:quit
1753852723994:clear
1753852733785:help
1753852739990:shutdown
1753852998697:clear
1753853003732:history
1753853013162:h
1753853014892:help
1753853025790:exit
1753853181645:help
1753853185771:version
1753853244212:help
1753853247015:versions
1753853443006:help
1753853466963:help avl add
1753853491439:avl add -hç
1753853502230:avl add teltonika 100
1753853510980:avl add --type 100
1753853518122:avl add --type telto --count 100
1753853521746:exit
1753853826765:clear
1753853837313:help
1753854423131:avl shutdown
1753854453133:help
1753854463721:avl stat
1753854470102:avl list
1753854487483:avl add
1753854498648:avl add TELTONIKA 5
1753854503517:avl stat
1753854508146:avl list
1753854520058:avl add QUECLINK 10
1753854522570:avl stat
1753854532193:avl list
1753854696719:avl stat
1753854778989:clear
1753854781620:avl stat
1753854797123:avl list
1753854808715:avl add TELTONIKA 100
1753854812875:avl list
1753854821009:exit
1753855033139:avl add TELTONIKA 100
1753855059399:avl add TELTONIKA 100e
1753855063845:exit
1753855155817:clear
